<?xml version="1.0" encoding="UTF-8"?>
<testng-results skipped="0" failed="0" ignored="0" total="1" passed="1">
  <reporter-output>
  </reporter-output>
  <suite name="Default suite" duration-ms="20400" started-at="2020-06-05T16:48:04 IST" finished-at="2020-06-05T16:48:24 IST">
    <groups>
    </groups>
    <test name="Default test" duration-ms="20400" started-at="2020-06-05T16:48:04 IST" finished-at="2020-06-05T16:48:24 IST">
      <class name="test.homepagetest">
        <test-method status="PASS" signature="setup()[pri:0, instance:test.homepagetest@74650e52]" name="setup" is-config="true" duration-ms="16634" started-at="2020-06-05T16:48:04 IST" finished-at="2020-06-05T16:48:20 IST">
          <reporter-output>
          </reporter-output>
        </test-method> <!-- setup -->
        <test-method status="PASS" signature="editclicktry()[pri:2, instance:test.homepagetest@74650e52]" name="editclicktry" duration-ms="3705" started-at="2020-06-05T16:48:20 IST" finished-at="2020-06-05T16:48:24 IST">
          <reporter-output>
          </reporter-output>
        </test-method> <!-- editclicktry -->
      </class> <!-- test.homepagetest -->
    </test> <!-- Default test -->
  </suite> <!-- Default suite -->
</testng-results>
